<?xml version="1.0" encoding="UTF-8"?>
<!-- Generated by org.testng.reporters.JUnitXMLReporter -->
<testsuite ignored="2" hostname="Risp" failures="0" tests="1" name="Default test" time="0.048" errors="0" timestamp="11 Nov 2024 09:35:25 GMT">
  <testcase classname="com.vtiger.orgtest.OrgTest" name="createOrgWithManadatoryFields" time="0.021"/>
  <testcase classname="com.vtiger.orgtest.OrgTest" name="createOrgWithPhoneNumber" time="0.0">
    <ignored/>
  </testcase> <!-- createOrgWithPhoneNumber -->
  <testcase classname="com.vtiger.orgtest.OrgTest" name="createOrgWithIndustryType" time="0.0">
    <ignored/>
  </testcase> <!-- createOrgWithIndustryType -->
</testsuite> <!-- Default test -->
