<?xml version="1.0" encoding="UTF-8"?>
<!-- Generated by org.testng.reporters.JUnitXMLReporter -->
<testsuite ignored="0" hostname="Risp" failures="0" tests="6" name="Test" time="0.121" errors="0" timestamp="11 Nov 2024 09:36:45 GMT">
  <testcase classname="com.crm.generic.baseutility.BaseClass" name="@BeforeClass configCS" time="0.011">
    <failure type="java.lang.NullPointerException" message="Cannot invoke &amp;quot;String.equals(Object)&amp;quot; because &amp;quot;browser&amp;quot; is null">
      <![CDATA[java.lang.NullPointerException: Cannot invoke "String.equals(Object)" because "browser" is null
at com.crm.generic.baseutility.BaseClass.configCS(BaseClass.java:62)
... Removed 24 stack frames]]>
    </failure>
  </testcase> <!-- @BeforeClass configCS -->
  <testcase classname="com.crm.generic.baseutility.BaseClass" name="@BeforeMethod configBM" time="0.0">
    <skipped/>
  </testcase> <!-- @BeforeMethod configBM -->
  <testcase classname="com.crm.generic.baseutility.BaseClass" name="@AfterMethod configAM" time="0.0">
    <skipped/>
  </testcase> <!-- @AfterMethod configAM -->
  <testcase classname="com.crm.generic.baseutility.BaseClass" name="@BeforeMethod configBM" time="0.0">
    <skipped/>
  </testcase> <!-- @BeforeMethod configBM -->
  <testcase classname="com.crm.generic.baseutility.BaseClass" name="@AfterMethod configAM" time="0.0">
    <skipped/>
  </testcase> <!-- @AfterMethod configAM -->
  <testcase classname="com.crm.generic.baseutility.BaseClass" name="@BeforeMethod configBM" time="0.0">
    <skipped/>
  </testcase> <!-- @BeforeMethod configBM -->
  <testcase classname="com.crm.generic.baseutility.BaseClass" name="@AfterMethod configAM" time="0.0">
    <skipped/>
  </testcase> <!-- @AfterMethod configAM -->
  <testcase classname="com.crm.generic.baseutility.BaseClass" name="@AfterClass configAC" time="0.0">
    <skipped/>
  </testcase> <!-- @AfterClass configAC -->
  <testcase classname="com.vtiger.contacttest.ContactTest" name="createContactWithDate" time="0.0">
    <skipped/>
  </testcase> <!-- createContactWithDate -->
  <testcase classname="com.vtiger.contacttest.ContactTest" name="createContactWithMandatoryFieldsTest" time="0.0">
    <skipped/>
  </testcase> <!-- createContactWithMandatoryFieldsTest -->
  <testcase classname="com.vtiger.contacttest.ContactTest" name="createContactWithOrgTest" time="0.0">
    <skipped/>
  </testcase> <!-- createContactWithOrgTest -->
  <testcase classname="com.vtiger.orgtest.OrgTest" name="createOrgWithIndustryType" time="0.002"/>
  <testcase classname="com.vtiger.orgtest.OrgTest" name="createOrgWithManadatoryFields" time="0.005"/>
  <testcase classname="com.vtiger.orgtest.OrgTest" name="createOrgWithPhoneNumber" time="0.002"/>
</testsuite> <!-- Test -->
